{"name": "test_buy_product", "status": "broken", "statusDetails": {"message": "selenium.common.exceptions.TimeoutException: Message:", "trace": "@allure.description(\"Test buy product\")\n    def test_buy_product():\n        options = webdriver.ChromeOptions()\n        options = Options()\n        options.add_experimental_option('excludeSwitches', ['enable-logging'])\n        options.add_experimental_option(\"detach\", True)\n        options.page_load_strategy = 'eager'\n        options.add_argument(\"--disable-notifications\")\n        g = Service('C:\\\\Users\\\\HUAWEI\\\\PycharmProjects\\\\resource\\\\chromedriver.exe', chrome_options=options)\n        #service = Service(ChromeDriverManager().install())\n        driver = webdriver.Chrome(options=options, service=g)\n    \n        url = \"https://megamarket.ru/\"\n    \n    \n        main_page = MainPageA(driver)\n        main_page.enter_supermarket()  # Отрыть раздел 'Супермаркет'\n    \n        csp = ChooseSupermarketPageA(driver)\n        csp.enter_auchan()  # Выбрать магазин 'Ашан'\n    \n        cp = CatalogPage(driver)\n        cp.click_electronics()  # Выбрать раздел 'Электроника'\n    \n        ep = ElectronicsPageA(driver)\n        ep.check_open_catalog_electronica()  # Проверить, что произошел переход в раздел \"Электроника\"\n        ep.choose_photo_video_cameras_filter()  # Отфильтровать товар по \"фото -видео камеры\"\n        ep.choose_click_range_slider_right_filter()  # Отфильтровать по цене с помощью ползунка\n        ep.choose_click_high_rating_filter()  # Отфильтровать по \"Высокий рейтинг\"\n        ep.choose_brand_smart_buy_filter()  # Отфильтровать по бренду \"SmartBuy\"\n        ep.choose_sort_cheaper()  # Отфильтровать по \"Сначала дешевле\"\n        ep.choose_product_1()  # Добавить товар в корзину, проверить корректность добавление товара в корзину\n    \n        crtp = CartPage(driver)\n>       crtp.add_product_1()  # Увеличить количество товара до суммы доставки, перейти к оформлению заказа\n\ntests\\test_buy_product.py:48: \n_ _ _ _ _ _ _ _ _ _ _ _ _ _ _ _ _ _ _ _ _ _ _ _ _ _ _ _ _ _ _ _ _ _ _ _ _ _ _ _ _ _ _ _ _ _ _ _ _ _ _ _ _ _ _ _ _ _ _ _ _ _ _ _ _ _ _ _ _ _ _ _ _ _ _ _ _ _ _ _ _ _ _ _ _ _ _ _ _ _\npages\\cart_page.py:67: in add_product_1\n    self.click_add_product_button(self.get_price_product_1())\npages\\cart_page.py:50: in click_add_product_button\n    self.get_add_product_button().click()\npages\\cart_page.py:29: in get_add_product_button\n    return WebDriverWait(self.driver, 30).until(EC.element_to_be_clickable((By.XPATH, self.add_product_button)))\n_ _ _ _ _ _ _ _ _ _ _ _ _ _ _ _ _ _ _ _ _ _ _ _ _ _ _ _ _ _ _ _ _ _ _ _ _ _ _ _ _ _ _ _ _ _ _ _ _ _ _ _ _ _ _ _ _ _ _ _ _ _ _ _ _ _ _ _ _ _ _ _ _ _ _ _ _ _ _ _ _ _ _ _ _ _ _ _ _ _\n\nself = <selenium.webdriver.support.wait.WebDriverWait (session=\"a69df1b4f13cdb94a4d7437e4af891c9\")>\nmethod = <function element_to_be_clickable.<locals>._predicate at 0x000002A4CC29BA60>, message = ''\n\n    def until(self, method: Callable[[D], Union[Literal[False], T]], message: str = \"\") -> T:\n        \"\"\"Calls the method provided with the driver as an argument until the \\\n        return value does not evaluate to ``False``.\n    \n        :param method: callable(WebDriver)\n        :param message: optional message for :exc:`TimeoutException`\n        :returns: the result of the last call to `method`\n        :raises: :exc:`selenium.common.exceptions.TimeoutException` if timeout occurs\n        \"\"\"\n        screen = None\n        stacktrace = None\n    \n        end_time = time.monotonic() + self._timeout\n        while True:\n            try:\n                value = method(self._driver)\n                if value:\n                    return value\n            except self._ignored_exceptions as exc:\n                screen = getattr(exc, \"screen\", None)\n                stacktrace = getattr(exc, \"stacktrace\", None)\n            time.sleep(self._poll)\n            if time.monotonic() > end_time:\n                break\n>       raise TimeoutException(message, screen, stacktrace)\nE       selenium.common.exceptions.TimeoutException: Message:\n\n.venv\\Lib\\site-packages\\selenium\\webdriver\\support\\wait.py:105: TimeoutException"}, "description": "Test buy product", "steps": [{"name": "Enter supermarket", "status": "passed", "start": 1728478428203, "stop": 1728478434977}, {"name": "Enter auchan", "status": "passed", "start": 1728478434977, "stop": 1728478448041}, {"name": "Check open catalog electronica", "status": "passed", "start": 1728478451274, "stop": 1728478457335}, {"name": "Choose photo video-cameras filter", "status": "passed", "start": 1728478457335, "stop": 1728478465720}, {"name": "Choose click range slider right filter", "status": "passed", "start": 1728478465720, "stop": 1728478468638}, {"name": "Choose click high rating filter", "status": "passed", "start": 1728478468638, "stop": 1728478472017}, {"name": "Choose brand smart_buy filter", "status": "passed", "start": 1728478472017, "stop": 1728478475441}, {"name": "Choose sort cheaper", "status": "passed", "start": 1728478475441, "stop": 1728478479900}, {"name": "Choose product 1", "status": "passed", "start": 1728478479900, "stop": 1728478485905}, {"name": "Add product 1", "status": "broken", "statusDetails": {"message": "selenium.common.exceptions.TimeoutException: Message: \n\n", "trace": "  File \"C:\\Users\\HUAWEI\\PycharmProjects\\mailProject\\pytest_megamarket\\pages\\cart_page.py\", line 67, in add_product_1\n    self.click_add_product_button(self.get_price_product_1())\n  File \"C:\\Users\\HUAWEI\\PycharmProjects\\mailProject\\pytest_megamarket\\pages\\cart_page.py\", line 50, in click_add_product_button\n    self.get_add_product_button().click()\n    ^^^^^^^^^^^^^^^^^^^^^^^^^^^^^\n  File \"C:\\Users\\HUAWEI\\PycharmProjects\\mailProject\\pytest_megamarket\\pages\\cart_page.py\", line 29, in get_add_product_button\n    return WebDriverWait(self.driver, 30).until(EC.element_to_be_clickable((By.XPATH, self.add_product_button)))\n           ^^^^^^^^^^^^^^^^^^^^^^^^^^^^^^^^^^^^^^^^^^^^^^^^^^^^^^^^^^^^^^^^^^^^^^^^^^^^^^^^^^^^^^^^^^^^^^^^^^^^^\n  File \"C:\\Users\\HUAWEI\\PycharmProjects\\mailProject\\pytest_megamarket\\.venv\\Lib\\site-packages\\selenium\\webdriver\\support\\wait.py\", line 105, in until\n    raise TimeoutException(message, screen, stacktrace)\n"}, "start": 1728478485905, "stop": 1728478519628}], "attachments": [{"name": "stdout", "source": "c4caf5d8-835c-49fa-b2ba-0ce93c008287-attachment.txt", "type": "text/plain"}], "start": 1728478426777, "stop": 1728478519640, "uuid": "a0ae68eb-d135-4c1f-8585-8dce0dbb0301", "historyId": "22557127bd8e5c9d27d61f44787213b8", "testCaseId": "22557127bd8e5c9d27d61f44787213b8", "fullName": "tests.test_buy_product#test_buy_product", "labels": [{"name": "parentSuite", "value": "tests"}, {"name": "suite", "value": "test_buy_product"}, {"name": "host", "value": "LAPTOP-0G7V7NKQ"}, {"name": "thread", "value": "15252-MainThread"}, {"name": "framework", "value": "pytest"}, {"name": "language", "value": "cpython3"}, {"name": "package", "value": "tests.test_buy_product"}]}